#-----------------------------------------------------------
# Vivado v2019.1 (64-bit)
# SW Build 2552052 on Fri May 24 14:49:42 MDT 2019
# IP Build 2548770 on Fri May 24 18:01:18 MDT 2019
# Start of session at: Fri Feb 26 04:00:57 2021
# Process ID: 24072
# Current directory: D:/DrexelUni/ECEC402/audio_echo/audio_base
# Command line: vivado.exe -gui_launcher_event rodinguilauncherevent2812 D:\DrexelUni\ECEC402\audio_echo\audio_base\audio_base.xpr
# Log file: D:/DrexelUni/ECEC402/audio_echo/audio_base/vivado.log
# Journal file: D:/DrexelUni/ECEC402/audio_echo/audio_base\vivado.jou
#-----------------------------------------------------------
start_gui
open_project D:/DrexelUni/ECEC402/audio_echo/audio_base/audio_base.xpr
INFO: [Project 1-313] Project file moved from 'D:/DrexelUni/ECEC402/audio_base' since last save.
Scanning sources...
Finished scanning sources
INFO: [filemgmt 56-1] IP Repository Path: Directory not found as 'D:/DrexelUni/ECEC402/audio_echo/hw6/zybo_base_system/source/vivado/hw/lib/ADI/axi_i2s_adi_1.0'; using path 'D:/DrexelUni/ECEC402/hw6/zybo_base_system/source/vivado/hw/lib/ADI/axi_i2s_adi_1.0' instead.
INFO: [IP_Flow 19-234] Refreshing IP repositories
INFO: [IP_Flow 19-1700] Loaded user IP repository 'd:/DrexelUni/ECEC402/hw6/zybo_base_system/source/vivado/hw/lib/ADI/axi_i2s_adi_1.0'.
INFO: [IP_Flow 19-2313] Loaded Vivado IP repository 'D:/Xilinx/Vivado/2019.1/data/ip'.
open_project: Time (s): cpu = 00:00:11 ; elapsed = 00:00:06 . Memory (MB): peak = 768.793 ; gain = 131.043
update_compile_order -fileset sources_1
make_wrapper -files [get_files D:/DrexelUni/ECEC402/audio_echo/audio_base/audio_base.srcs/sources_1/bd/system/system.bd] -top
generate_target all [get_files  D:/DrexelUni/ECEC402/audio_echo/audio_base/audio_base.srcs/sources_1/bd/system/system.bd]
INFO: [BD 41-1637] Generated targets are already up-to-date for block design 'system' - hence not re-generating.
export_ip_user_files -of_objects [get_files D:/DrexelUni/ECEC402/audio_echo/audio_base/audio_base.srcs/sources_1/bd/system/system.bd] -no_script -sync -force -quiet
create_ip_run [get_files -of_objects [get_fileset sources_1] D:/DrexelUni/ECEC402/audio_echo/audio_base/audio_base.srcs/sources_1/bd/system/system.bd]
export_simulation -of_objects [get_files D:/DrexelUni/ECEC402/audio_echo/audio_base/audio_base.srcs/sources_1/bd/system/system.bd] -directory D:/DrexelUni/ECEC402/audio_echo/audio_base/audio_base.ip_user_files/sim_scripts -ip_user_files_dir D:/DrexelUni/ECEC402/audio_echo/audio_base/audio_base.ip_user_files -ipstatic_source_dir D:/DrexelUni/ECEC402/audio_echo/audio_base/audio_base.ip_user_files/ipstatic -lib_map_path [list {modelsim=D:/DrexelUni/ECEC402/audio_echo/audio_base/audio_base.cache/compile_simlib/modelsim} {questa=D:/DrexelUni/ECEC402/audio_echo/audio_base/audio_base.cache/compile_simlib/questa} {riviera=D:/DrexelUni/ECEC402/audio_echo/audio_base/audio_base.cache/compile_simlib/riviera} {activehdl=D:/DrexelUni/ECEC402/audio_echo/audio_base/audio_base.cache/compile_simlib/activehdl}] -use_ip_compiled_libs -force -quiet
launch_sdk -workspace D:/DrexelUni/ECEC402/audio_echo/audio_base/audio_base.sdk -hwspec D:/DrexelUni/ECEC402/audio_echo/audio_base/audio_base.sdk/system_wrapper.hdf
INFO: [Vivado 12-393] Launching SDK...
INFO: [Vivado 12-417] Running xsdk -workspace D:/DrexelUni/ECEC402/audio_echo/audio_base/audio_base.sdk -hwspec D:/DrexelUni/ECEC402/audio_echo/audio_base/audio_base.sdk/system_wrapper.hdf
INFO: [Vivado 12-3157] SDK launch initiated. Please check console for any further messages.
exit
INFO: [Common 17-206] Exiting Vivado at Fri Feb 26 04:16:38 2021...
